<?xml version="1.0" encoding="UTF-8"?>
<!-- Generated by org.testng.reporters.JUnitReportReporter -->
<testsuite hostname="devvm" failures="0" tests="1" name="com.AssetManagement.Testcases.TC_Registration_02" time="13.375" errors="0" timestamp="2024-08-23T15:21:32 IST" skipped="0">
  <testcase classname="com.AssetManagement.Testcases.TC_Registration_02" name="verifyCancelButton" time="13.375"/>
</testsuite> <!-- com.AssetManagement.Testcases.TC_Registration_02 -->
