<?xml version="1.0" encoding="UTF-8"?>
<!-- Generated by org.testng.reporters.JUnitReportReporter -->
<testsuite hostname="devvm" failures="0" tests="1" name="com.AssetManagement.Testcases.TC_Registration_03" time="124.135" errors="0" timestamp="2024-08-23T12:35:48 IST" skipped="0">
  <testcase classname="com.AssetManagement.Testcases.TC_Registration_03" name="verifySuccessfulRegistration" time="124.135"/>
</testsuite> <!-- com.AssetManagement.Testcases.TC_Registration_03 -->
