<?xml version="1.0" encoding="UTF-8"?>
<!-- Generated by org.testng.reporters.JUnitReportReporter -->
<testsuite hostname="devvm" failures="0" tests="1" name="com.AssetManagement.Testcases.TC_Registration_04" time="13.339" errors="0" timestamp="2024-08-23T15:33:42 IST" skipped="0">
  <testcase classname="com.AssetManagement.Testcases.TC_Registration_04" name="verifyMandatoryFields" time="13.339"/>
</testsuite> <!-- com.AssetManagement.Testcases.TC_Registration_04 -->
