<?xml version="1.0" encoding="UTF-8"?>
<!-- Generated by org.testng.reporters.JUnitReportReporter -->
<testsuite hostname="DESKTOP-ABLBB1N" failures="0" tests="1" name="com.AssetManagement.Testcases.TC_Registration_01" time="1.625" errors="0" timestamp="2025-01-02T14:46:53 IST" skipped="0">
  <testcase classname="com.AssetManagement.Testcases.TC_Registration_01" name="verifyRegisterNow" time="1.625"/>
</testsuite> <!-- com.AssetManagement.Testcases.TC_Registration_01 -->
